build/app/intermediates/manifest_merge_blame_file/debug/manifest-merger-blame-debug-report.txt
1<?xml version="1.0" encoding="utf-8"?>
2<manifest xmlns:android="http://schemas.android.com/apk/res/android"
3    package="com.studios.oaj.tictactoe"
4    android:versionCode="1"
5    android:versionName="1.0.0" >
6
7    <uses-sdk
8        android:minSdkVersion="21"
9        android:targetSdkVersion="33" />
10    <!--
11         Flutter needs it to communicate with the running application
12         to allow setting breakpoints, to provide hot reload, etc.
13    -->
14    <uses-permission android:name="android.permission.INTERNET" />
14-->src\main\AndroidManifest.xml:4:5-67
14-->src\main\AndroidManifest.xml:4:22-64
15    <uses-permission android:name="com.android.vending.BILLING" />
15-->src\debug\AndroidManifest.xml:7:5-67
15-->src\debug\AndroidManifest.xml:7:22-64
16
17    <queries>
17-->src\main\AndroidManifest.xml:5:5-21:15
18
19        <!-- If your app opens https URLs -->
20        <intent>
20-->src\main\AndroidManifest.xml:7:9-10:18
21            <action android:name="android.intent.action.VIEW" />
21-->src\main\AndroidManifest.xml:8:13-65
21-->src\main\AndroidManifest.xml:8:21-62
22
23            <data android:scheme="https" />
23-->src\main\AndroidManifest.xml:9:13-44
23-->src\main\AndroidManifest.xml:9:19-41
24        </intent>
25        <!-- If your app makes calls -->
26        <intent>
26-->src\main\AndroidManifest.xml:12:9-15:18
27            <action android:name="android.intent.action.DIAL" />
27-->src\main\AndroidManifest.xml:13:13-65
27-->src\main\AndroidManifest.xml:13:21-62
28
29            <data android:scheme="tel" />
29-->src\main\AndroidManifest.xml:9:13-44
29-->src\main\AndroidManifest.xml:9:19-41
30        </intent>
31        <!-- If your app emails -->
32        <intent>
32-->src\main\AndroidManifest.xml:17:9-20:18
33            <action android:name="android.intent.action.SEND" />
33-->src\main\AndroidManifest.xml:18:13-65
33-->src\main\AndroidManifest.xml:18:21-62
34
35            <data android:mimeType="*/*" />
35-->src\main\AndroidManifest.xml:9:13-44
36        </intent>
37        <!-- For browser content -->
38        <intent>
38-->[com.google.android.gms:play-services-ads-lite:21.0.0] AndroidManifest.xml:31:9-37:18
39            <action android:name="android.intent.action.VIEW" />
39-->src\main\AndroidManifest.xml:8:13-65
39-->src\main\AndroidManifest.xml:8:21-62
40
41            <category android:name="android.intent.category.BROWSABLE" />
41-->[com.google.firebase:firebase-auth:21.0.7] AndroidManifest.xml:37:17-78
41-->[com.google.firebase:firebase-auth:21.0.7] AndroidManifest.xml:37:27-75
42
43            <data android:scheme="https" />
43-->src\main\AndroidManifest.xml:9:13-44
43-->src\main\AndroidManifest.xml:9:19-41
44        </intent> <!-- End of browser content -->
45        <!-- For CustomTabsService -->
46        <intent>
46-->[com.google.android.gms:play-services-ads-lite:21.0.0] AndroidManifest.xml:40:9-42:18
47            <action android:name="android.support.customtabs.action.CustomTabsService" />
47-->[com.google.android.gms:play-services-ads-lite:21.0.0] AndroidManifest.xml:41:13-90
47-->[com.google.android.gms:play-services-ads-lite:21.0.0] AndroidManifest.xml:41:21-87
48        </intent>
49    </queries>
50
51    <uses-permission android:name="android.permission.ACCESS_NETWORK_STATE" />
51-->[com.google.firebase:firebase-auth:21.0.7] AndroidManifest.xml:24:5-79
51-->[com.google.firebase:firebase-auth:21.0.7] AndroidManifest.xml:24:22-76
52    <uses-permission android:name="android.permission.WAKE_LOCK" />
52-->[com.google.android.gms:play-services-measurement-api:21.1.0] AndroidManifest.xml:24:5-68
52-->[com.google.android.gms:play-services-measurement-api:21.1.0] AndroidManifest.xml:24:22-65
53    <uses-permission android:name="com.google.android.gms.permission.AD_ID" />
53-->[com.google.android.gms:play-services-measurement-api:21.1.0] AndroidManifest.xml:25:5-79
53-->[com.google.android.gms:play-services-measurement-api:21.1.0] AndroidManifest.xml:25:22-76
54    <uses-permission android:name="com.google.android.finsky.permission.BIND_GET_INSTALL_REFERRER_SERVICE" />
54-->[com.google.android.gms:play-services-measurement:21.1.0] AndroidManifest.xml:26:5-110
54-->[com.google.android.gms:play-services-measurement:21.1.0] AndroidManifest.xml:26:22-107
55    <uses-permission android:name="android.permission.RECEIVE_BOOT_COMPLETED" />
55-->[androidx.work:work-runtime:2.7.0] AndroidManifest.xml:27:5-81
55-->[androidx.work:work-runtime:2.7.0] AndroidManifest.xml:27:22-78
56    <uses-permission android:name="android.permission.FOREGROUND_SERVICE" />
56-->[androidx.work:work-runtime:2.7.0] AndroidManifest.xml:28:5-77
56-->[androidx.work:work-runtime:2.7.0] AndroidManifest.xml:28:22-74
57
58    <application
58-->src\main\AndroidManifest.xml:22:5-69:19
59        android:appComponentFactory="androidx.core.app.CoreComponentFactory"
59-->[androidx.core:core:1.8.0] AndroidManifest.xml:24:18-86
60        android:debuggable="true"
61        android:icon="@mipmap/ic_launcher"
61-->src\main\AndroidManifest.xml:23:9-43
62        android:label="TicTacToe"
62-->src\main\AndroidManifest.xml:24:9-34
63        android:usesCleartextTraffic="true" >
63-->src\main\AndroidManifest.xml:25:9-44
64        <activity
64-->src\main\AndroidManifest.xml:28:9-57:20
65            android:name="com.studios.oaj.tictactoe.MainActivity"
65-->src\main\AndroidManifest.xml:30:13-41
66            android:configChanges="orientation|keyboardHidden|keyboard|screenSize|smallestScreenSize|locale|layoutDirection|fontScale|screenLayout|density|uiMode"
66-->src\main\AndroidManifest.xml:31:13-163
67            android:exported="true"
67-->src\main\AndroidManifest.xml:29:13-36
68            android:hardwareAccelerated="true"
68-->src\main\AndroidManifest.xml:32:13-47
69            android:launchMode="singleTop"
69-->src\main\AndroidManifest.xml:33:13-43
70            android:theme="@style/LaunchTheme"
70-->src\main\AndroidManifest.xml:34:13-47
71            android:windowSoftInputMode="adjustResize" >
71-->src\main\AndroidManifest.xml:35:13-55
72
73            <!--
74                 Specifies an Android theme to apply to this Activity as soon as
75                 the Android process has started. This theme is visible to the user
76                 while the Flutter UI initializes. After that, this theme continues
77                 to determine the Window background behind the Flutter UI.
78            -->
79            <meta-data
79-->src\main\AndroidManifest.xml:40:13-42:57
80                android:name="io.flutter.embedding.android.NormalTheme"
80-->src\main\AndroidManifest.xml:41:17-72
81                android:resource="@style/NormalTheme" />
81-->src\main\AndroidManifest.xml:42:17-54
82
83            <!--
84                 Displays an Android View that continues showing the launch screen
85                 Drawable until Flutter paints its first frame, then this splash
86                 screen fades out. A splash screen is useful to avoid any visual
87                 gap between the end of Android's launch screen and the painting of
88                 Flutter's first frame.
89            -->
90            <meta-data
90-->src\main\AndroidManifest.xml:49:13-51:66
91                android:name="io.flutter.embedding.android.SplashScreenDrawable"
91-->src\main\AndroidManifest.xml:50:17-81
92                android:resource="@drawable/launch_background" />
92-->src\main\AndroidManifest.xml:51:17-63
93
94            <intent-filter>
94-->src\main\AndroidManifest.xml:53:13-56:29
95                <action android:name="android.intent.action.MAIN" />
95-->src\main\AndroidManifest.xml:54:17-69
95-->src\main\AndroidManifest.xml:54:25-66
96
97                <category android:name="android.intent.category.LAUNCHER" />
97-->src\main\AndroidManifest.xml:55:17-77
97-->src\main\AndroidManifest.xml:55:27-74
98            </intent-filter>
99        </activity>
100
101        <!--
102             Don't delete the meta-data below.
103             This is used by the Flutter tool to generate GeneratedPluginRegistrant.java
104        -->
105        <meta-data
105-->src\main\AndroidManifest.xml:61:9-63:33
106            android:name="flutterEmbedding"
106-->src\main\AndroidManifest.xml:62:13-44
107            android:value="2" />
107-->src\main\AndroidManifest.xml:63:13-30
108        <meta-data
108-->src\main\AndroidManifest.xml:64:9-66:70
109            android:name="com.google.android.gms.ads.APPLICATION_ID"
109-->src\main\AndroidManifest.xml:65:13-69
110            android:value="ca-app-pub-3940256099942544~3347511713" />
110-->src\main\AndroidManifest.xml:66:13-67
111
112        <service
112-->[:firebase_database] AndroidManifest.xml:8:9-12:19
113            android:name="com.google.firebase.components.ComponentDiscoveryService"
113-->[:firebase_database] AndroidManifest.xml:8:18-89
114            android:directBootAware="true"
114-->[com.google.firebase:firebase-common:20.1.1] AndroidManifest.xml:35:13-43
115            android:exported="false" >
115-->[com.google.firebase:firebase-analytics-ktx:21.1.0] AndroidManifest.xml:10:13-37
116            <meta-data
116-->[:firebase_database] AndroidManifest.xml:9:13-11:85
117                android:name="com.google.firebase.components:io.flutter.plugins.firebase.database.FlutterFirebaseAppRegistrar"
117-->[:firebase_database] AndroidManifest.xml:10:17-127
118                android:value="com.google.firebase.components.ComponentRegistrar" />
118-->[:firebase_database] AndroidManifest.xml:11:17-82
119            <meta-data
119-->[:firebase_auth] AndroidManifest.xml:9:13-11:85
120                android:name="com.google.firebase.components:io.flutter.plugins.firebase.auth.FlutterFirebaseAuthRegistrar"
120-->[:firebase_auth] AndroidManifest.xml:10:17-124
121                android:value="com.google.firebase.components.ComponentRegistrar" />
121-->[:firebase_auth] AndroidManifest.xml:11:17-82
122            <meta-data
122-->[:firebase_storage] AndroidManifest.xml:9:13-11:85
123                android:name="com.google.firebase.components:io.flutter.plugins.firebase.storage.FlutterFirebaseAppRegistrar"
123-->[:firebase_storage] AndroidManifest.xml:10:17-126
124                android:value="com.google.firebase.components.ComponentRegistrar" />
124-->[:firebase_storage] AndroidManifest.xml:11:17-82
125            <meta-data
125-->[:firebase_core] AndroidManifest.xml:9:13-11:85
126                android:name="com.google.firebase.components:io.flutter.plugins.firebase.core.FlutterFirebaseCoreRegistrar"
126-->[:firebase_core] AndroidManifest.xml:10:17-124
127                android:value="com.google.firebase.components.ComponentRegistrar" />
127-->[:firebase_core] AndroidManifest.xml:11:17-82
128            <meta-data
128-->[com.google.firebase:firebase-analytics-ktx:21.1.0] AndroidManifest.xml:11:13-13:85
129                android:name="com.google.firebase.components:com.google.firebase.analytics.ktx.FirebaseAnalyticsKtxRegistrar"
129-->[com.google.firebase:firebase-analytics-ktx:21.1.0] AndroidManifest.xml:12:17-126
130                android:value="com.google.firebase.components.ComponentRegistrar" />
130-->[com.google.firebase:firebase-analytics-ktx:21.1.0] AndroidManifest.xml:13:17-82
131            <meta-data
131-->[com.google.firebase:firebase-common-ktx:20.1.1] AndroidManifest.xml:15:13-17:85
132                android:name="com.google.firebase.components:com.google.firebase.ktx.FirebaseCommonKtxRegistrar"
132-->[com.google.firebase:firebase-common-ktx:20.1.1] AndroidManifest.xml:16:17-113
133                android:value="com.google.firebase.components.ComponentRegistrar" />
133-->[com.google.firebase:firebase-common-ktx:20.1.1] AndroidManifest.xml:17:17-82
134            <meta-data
134-->[com.google.firebase:firebase-auth:21.0.7] AndroidManifest.xml:67:13-69:85
135                android:name="com.google.firebase.components:com.google.firebase.auth.FirebaseAuthRegistrar"
135-->[com.google.firebase:firebase-auth:21.0.7] AndroidManifest.xml:68:17-109
136                android:value="com.google.firebase.components.ComponentRegistrar" />
136-->[com.google.firebase:firebase-auth:21.0.7] AndroidManifest.xml:69:17-82
137            <meta-data
137-->[com.google.firebase:firebase-storage:20.0.1] AndroidManifest.xml:33:13-35:85
138                android:name="com.google.firebase.components:com.google.firebase.storage.StorageRegistrar"
138-->[com.google.firebase:firebase-storage:20.0.1] AndroidManifest.xml:34:17-107
139                android:value="com.google.firebase.components.ComponentRegistrar" />
139-->[com.google.firebase:firebase-storage:20.0.1] AndroidManifest.xml:35:17-82
140            <meta-data
140-->[com.google.firebase:firebase-database:20.0.5] AndroidManifest.xml:32:13-34:85
141                android:name="com.google.firebase.components:com.google.firebase.database.DatabaseRegistrar"
141-->[com.google.firebase:firebase-database:20.0.5] AndroidManifest.xml:33:17-109
142                android:value="com.google.firebase.components.ComponentRegistrar" />
142-->[com.google.firebase:firebase-database:20.0.5] AndroidManifest.xml:34:17-82
143            <meta-data
143-->[com.google.android.gms:play-services-measurement-api:21.1.0] AndroidManifest.xml:31:13-33:85
144                android:name="com.google.firebase.components:com.google.firebase.analytics.connector.internal.AnalyticsConnectorRegistrar"
144-->[com.google.android.gms:play-services-measurement-api:21.1.0] AndroidManifest.xml:32:17-139
145                android:value="com.google.firebase.components.ComponentRegistrar" />
145-->[com.google.android.gms:play-services-measurement-api:21.1.0] AndroidManifest.xml:33:17-82
146            <meta-data
146-->[com.google.firebase:firebase-installations:17.0.1] AndroidManifest.xml:18:13-20:85
147                android:name="com.google.firebase.components:com.google.firebase.installations.FirebaseInstallationsRegistrar"
147-->[com.google.firebase:firebase-installations:17.0.1] AndroidManifest.xml:19:17-127
148                android:value="com.google.firebase.components.ComponentRegistrar" />
148-->[com.google.firebase:firebase-installations:17.0.1] AndroidManifest.xml:20:17-82
149        </service>
150
151        <provider
151-->[:image_picker_android] AndroidManifest.xml:8:9-16:20
152            android:name="io.flutter.plugins.imagepicker.ImagePickerFileProvider"
152-->[:image_picker_android] AndroidManifest.xml:9:13-82
153            android:authorities="com.studios.oaj.tictactoe.flutter.image_provider"
153-->[:image_picker_android] AndroidManifest.xml:10:13-74
154            android:exported="false"
154-->[:image_picker_android] AndroidManifest.xml:11:13-37
155            android:grantUriPermissions="true" >
155-->[:image_picker_android] AndroidManifest.xml:12:13-47
156            <meta-data
156-->[:image_picker_android] AndroidManifest.xml:13:13-15:75
157                android:name="android.support.FILE_PROVIDER_PATHS"
157-->[:image_picker_android] AndroidManifest.xml:14:17-67
158                android:resource="@xml/flutter_image_picker_file_paths" />
158-->[:image_picker_android] AndroidManifest.xml:15:17-72
159        </provider>
160
161        <activity
161-->[:url_launcher_android] AndroidManifest.xml:8:9-11:74
162            android:name="io.flutter.plugins.urllauncher.WebViewActivity"
162-->[:url_launcher_android] AndroidManifest.xml:9:13-74
163            android:exported="false"
163-->[:url_launcher_android] AndroidManifest.xml:10:13-37
164            android:theme="@android:style/Theme.NoTitleBar.Fullscreen" />
164-->[:url_launcher_android] AndroidManifest.xml:11:13-71
165
166        <meta-data
166-->[:google_mobile_ads] AndroidManifest.xml:10:9-12:36
167            android:name="io.flutter.embedded_views_preview"
167-->[:google_mobile_ads] AndroidManifest.xml:11:13-61
168            android:value="true" />
168-->[:google_mobile_ads] AndroidManifest.xml:12:13-33
169
170        <provider
170-->[:share_plus] AndroidManifest.xml:8:9-16:20
171            android:name="dev.fluttercommunity.plus.share.ShareFileProvider"
171-->[:share_plus] AndroidManifest.xml:9:13-77
172            android:authorities="com.studios.oaj.tictactoe.flutter.share_provider"
172-->[:share_plus] AndroidManifest.xml:10:13-74
173            android:exported="false"
173-->[:share_plus] AndroidManifest.xml:11:13-37
174            android:grantUriPermissions="true" >
174-->[:share_plus] AndroidManifest.xml:12:13-47
175            <meta-data
175-->[:image_picker_android] AndroidManifest.xml:13:13-15:75
176                android:name="android.support.FILE_PROVIDER_PATHS"
176-->[:image_picker_android] AndroidManifest.xml:14:17-67
177                android:resource="@xml/flutter_share_file_paths" />
177-->[:image_picker_android] AndroidManifest.xml:15:17-72
178        </provider>
179
180        <uses-library
180-->[androidx.window:window:1.0.0-beta04] AndroidManifest.xml:25:9-27:40
181            android:name="androidx.window.extensions"
181-->[androidx.window:window:1.0.0-beta04] AndroidManifest.xml:26:13-54
182            android:required="false" />
182-->[androidx.window:window:1.0.0-beta04] AndroidManifest.xml:27:13-37
183        <uses-library
183-->[androidx.window:window:1.0.0-beta04] AndroidManifest.xml:28:9-30:40
184            android:name="androidx.window.sidecar"
184-->[androidx.window:window:1.0.0-beta04] AndroidManifest.xml:29:13-51
185            android:required="false" />
185-->[androidx.window:window:1.0.0-beta04] AndroidManifest.xml:30:13-37
186
187        <activity
187-->[com.google.firebase:firebase-auth:21.0.7] AndroidManifest.xml:27:9-44:20
188            android:name="com.google.firebase.auth.internal.GenericIdpActivity"
188-->[com.google.firebase:firebase-auth:21.0.7] AndroidManifest.xml:28:13-80
189            android:excludeFromRecents="true"
189-->[com.google.firebase:firebase-auth:21.0.7] AndroidManifest.xml:29:13-46
190            android:exported="true"
190-->[com.google.firebase:firebase-auth:21.0.7] AndroidManifest.xml:30:13-36
191            android:launchMode="singleTask"
191-->[com.google.firebase:firebase-auth:21.0.7] AndroidManifest.xml:31:13-44
192            android:theme="@android:style/Theme.Translucent.NoTitleBar" >
192-->[com.google.firebase:firebase-auth:21.0.7] AndroidManifest.xml:32:13-72
193            <intent-filter>
193-->[com.google.firebase:firebase-auth:21.0.7] AndroidManifest.xml:33:13-43:29
194                <action android:name="android.intent.action.VIEW" />
194-->src\main\AndroidManifest.xml:8:13-65
194-->src\main\AndroidManifest.xml:8:21-62
195
196                <category android:name="android.intent.category.DEFAULT" />
196-->[com.google.firebase:firebase-auth:21.0.7] AndroidManifest.xml:36:17-76
196-->[com.google.firebase:firebase-auth:21.0.7] AndroidManifest.xml:36:27-73
197                <category android:name="android.intent.category.BROWSABLE" />
197-->[com.google.firebase:firebase-auth:21.0.7] AndroidManifest.xml:37:17-78
197-->[com.google.firebase:firebase-auth:21.0.7] AndroidManifest.xml:37:27-75
198
199                <data
199-->src\main\AndroidManifest.xml:9:13-44
200                    android:host="firebase.auth"
201                    android:path="/"
202                    android:scheme="genericidp" />
202-->src\main\AndroidManifest.xml:9:19-41
203            </intent-filter>
204        </activity>
205        <activity
205-->[com.google.firebase:firebase-auth:21.0.7] AndroidManifest.xml:45:9-62:20
206            android:name="com.google.firebase.auth.internal.RecaptchaActivity"
206-->[com.google.firebase:firebase-auth:21.0.7] AndroidManifest.xml:46:13-79
207            android:excludeFromRecents="true"
207-->[com.google.firebase:firebase-auth:21.0.7] AndroidManifest.xml:47:13-46
208            android:exported="true"
208-->[com.google.firebase:firebase-auth:21.0.7] AndroidManifest.xml:48:13-36
209            android:launchMode="singleTask"
209-->[com.google.firebase:firebase-auth:21.0.7] AndroidManifest.xml:49:13-44
210            android:theme="@android:style/Theme.Translucent.NoTitleBar" >
210-->[com.google.firebase:firebase-auth:21.0.7] AndroidManifest.xml:50:13-72
211            <intent-filter>
211-->[com.google.firebase:firebase-auth:21.0.7] AndroidManifest.xml:51:13-61:29
212                <action android:name="android.intent.action.VIEW" />
212-->src\main\AndroidManifest.xml:8:13-65
212-->src\main\AndroidManifest.xml:8:21-62
213
214                <category android:name="android.intent.category.DEFAULT" />
214-->[com.google.firebase:firebase-auth:21.0.7] AndroidManifest.xml:36:17-76
214-->[com.google.firebase:firebase-auth:21.0.7] AndroidManifest.xml:36:27-73
215                <category android:name="android.intent.category.BROWSABLE" />
215-->[com.google.firebase:firebase-auth:21.0.7] AndroidManifest.xml:37:17-78
215-->[com.google.firebase:firebase-auth:21.0.7] AndroidManifest.xml:37:27-75
216
217                <data
217-->src\main\AndroidManifest.xml:9:13-44
218                    android:host="firebase.auth"
219                    android:path="/"
220                    android:scheme="recaptcha" />
220-->src\main\AndroidManifest.xml:9:19-41
221            </intent-filter>
222        </activity>
223
224        <provider
224-->[com.google.firebase:firebase-common:20.1.1] AndroidManifest.xml:26:9-31:39
225            android:name="com.google.firebase.provider.FirebaseInitProvider"
225-->[com.google.firebase:firebase-common:20.1.1] AndroidManifest.xml:27:13-77
226            android:authorities="com.studios.oaj.tictactoe.firebaseinitprovider"
226-->[com.google.firebase:firebase-common:20.1.1] AndroidManifest.xml:28:13-72
227            android:directBootAware="true"
227-->[com.google.firebase:firebase-common:20.1.1] AndroidManifest.xml:29:13-43
228            android:exported="false"
228-->[com.google.firebase:firebase-common:20.1.1] AndroidManifest.xml:30:13-37
229            android:initOrder="100" />
229-->[com.google.firebase:firebase-common:20.1.1] AndroidManifest.xml:31:13-36
230
231        <activity
231-->[com.unity3d.ads:unity-ads:4.3.0] AndroidManifest.xml:14:9-18:74
232            android:name="com.unity3d.services.ads.adunit.AdUnitActivity"
232-->[com.unity3d.ads:unity-ads:4.3.0] AndroidManifest.xml:15:13-74
233            android:configChanges="fontScale|keyboard|keyboardHidden|locale|mnc|mcc|navigation|orientation|screenLayout|screenSize|smallestScreenSize|uiMode|touchscreen"
233-->[com.unity3d.ads:unity-ads:4.3.0] AndroidManifest.xml:16:13-170
234            android:hardwareAccelerated="true"
234-->[com.unity3d.ads:unity-ads:4.3.0] AndroidManifest.xml:17:13-47
235            android:theme="@android:style/Theme.NoTitleBar.Fullscreen" />
235-->[com.unity3d.ads:unity-ads:4.3.0] AndroidManifest.xml:18:13-71
236        <activity
236-->[com.unity3d.ads:unity-ads:4.3.0] AndroidManifest.xml:19:9-23:86
237            android:name="com.unity3d.services.ads.adunit.AdUnitTransparentActivity"
237-->[com.unity3d.ads:unity-ads:4.3.0] AndroidManifest.xml:20:13-85
238            android:configChanges="fontScale|keyboard|keyboardHidden|locale|mnc|mcc|navigation|orientation|screenLayout|screenSize|smallestScreenSize|uiMode|touchscreen"
238-->[com.unity3d.ads:unity-ads:4.3.0] AndroidManifest.xml:21:13-170
239            android:hardwareAccelerated="true"
239-->[com.unity3d.ads:unity-ads:4.3.0] AndroidManifest.xml:22:13-47
240            android:theme="@android:style/Theme.Translucent.NoTitleBar.Fullscreen" />
240-->[com.unity3d.ads:unity-ads:4.3.0] AndroidManifest.xml:23:13-83
241        <activity
241-->[com.unity3d.ads:unity-ads:4.3.0] AndroidManifest.xml:24:9-28:86
242            android:name="com.unity3d.services.ads.adunit.AdUnitTransparentSoftwareActivity"
242-->[com.unity3d.ads:unity-ads:4.3.0] AndroidManifest.xml:25:13-93
243            android:configChanges="fontScale|keyboard|keyboardHidden|locale|mnc|mcc|navigation|orientation|screenLayout|screenSize|smallestScreenSize|uiMode|touchscreen"
243-->[com.unity3d.ads:unity-ads:4.3.0] AndroidManifest.xml:26:13-170
244            android:hardwareAccelerated="false"
244-->[com.unity3d.ads:unity-ads:4.3.0] AndroidManifest.xml:27:13-48
245            android:theme="@android:style/Theme.Translucent.NoTitleBar.Fullscreen" />
245-->[com.unity3d.ads:unity-ads:4.3.0] AndroidManifest.xml:28:13-83
246        <activity
246-->[com.unity3d.ads:unity-ads:4.3.0] AndroidManifest.xml:29:9-33:74
247            android:name="com.unity3d.services.ads.adunit.AdUnitSoftwareActivity"
247-->[com.unity3d.ads:unity-ads:4.3.0] AndroidManifest.xml:30:13-82
248            android:configChanges="fontScale|keyboard|keyboardHidden|locale|mnc|mcc|navigation|orientation|screenLayout|screenSize|smallestScreenSize|uiMode|touchscreen"
248-->[com.unity3d.ads:unity-ads:4.3.0] AndroidManifest.xml:31:13-170
249            android:hardwareAccelerated="false"
249-->[com.unity3d.ads:unity-ads:4.3.0] AndroidManifest.xml:32:13-48
250            android:theme="@android:style/Theme.NoTitleBar.Fullscreen" />
250-->[com.unity3d.ads:unity-ads:4.3.0] AndroidManifest.xml:33:13-71
251        <activity
251-->[com.google.android.gms:play-services-auth:20.0.1] AndroidManifest.xml:23:9-27:75
252            android:name="com.google.android.gms.auth.api.signin.internal.SignInHubActivity"
252-->[com.google.android.gms:play-services-auth:20.0.1] AndroidManifest.xml:24:13-93
253            android:excludeFromRecents="true"
253-->[com.google.android.gms:play-services-auth:20.0.1] AndroidManifest.xml:25:13-46
254            android:exported="false"
254-->[com.google.android.gms:play-services-auth:20.0.1] AndroidManifest.xml:26:13-37
255            android:theme="@android:style/Theme.Translucent.NoTitleBar" />
255-->[com.google.android.gms:play-services-auth:20.0.1] AndroidManifest.xml:27:13-72
256        <!--
257            Service handling Google Sign-In user revocation. For apps that do not integrate with
258            Google Sign-In, this service will never be started.
259        -->
260        <service
260-->[com.google.android.gms:play-services-auth:20.0.1] AndroidManifest.xml:33:9-37:51
261            android:name="com.google.android.gms.auth.api.signin.RevocationBoundService"
261-->[com.google.android.gms:play-services-auth:20.0.1] AndroidManifest.xml:34:13-89
262            android:exported="true"
262-->[com.google.android.gms:play-services-auth:20.0.1] AndroidManifest.xml:35:13-36
263            android:permission="com.google.android.gms.auth.api.signin.permission.REVOCATION_NOTIFICATION"
263-->[com.google.android.gms:play-services-auth:20.0.1] AndroidManifest.xml:36:13-107
264            android:visibleToInstantApps="true" />
264-->[com.google.android.gms:play-services-auth:20.0.1] AndroidManifest.xml:37:13-48
265
266        <activity
266-->[com.google.android.gms:play-services-base:18.0.1] AndroidManifest.xml:20:9-22:45
267            android:name="com.google.android.gms.common.api.GoogleApiActivity"
267-->[com.google.android.gms:play-services-base:18.0.1] AndroidManifest.xml:20:19-85
268            android:exported="false"
268-->[com.google.android.gms:play-services-base:18.0.1] AndroidManifest.xml:22:19-43
269            android:theme="@android:style/Theme.Translucent.NoTitleBar" /> <!-- Include the AdActivity and InAppPurchaseActivity configChanges and themes. -->
269-->[com.google.android.gms:play-services-base:18.0.1] AndroidManifest.xml:21:19-78
270        <activity
270-->[com.google.android.gms:play-services-ads-lite:21.0.0] AndroidManifest.xml:49:9-53:64
271            android:name="com.google.android.gms.ads.AdActivity"
271-->[com.google.android.gms:play-services-ads-lite:21.0.0] AndroidManifest.xml:50:13-65
272            android:configChanges="keyboard|keyboardHidden|orientation|screenLayout|uiMode|screenSize|smallestScreenSize"
272-->[com.google.android.gms:play-services-ads-lite:21.0.0] AndroidManifest.xml:51:13-122
273            android:exported="false"
273-->[com.google.android.gms:play-services-ads-lite:21.0.0] AndroidManifest.xml:52:13-37
274            android:theme="@android:style/Theme.Translucent" />
274-->[com.google.android.gms:play-services-ads-lite:21.0.0] AndroidManifest.xml:53:13-61
275
276        <provider
276-->[com.google.android.gms:play-services-ads-lite:21.0.0] AndroidManifest.xml:55:9-59:39
277            android:name="com.google.android.gms.ads.MobileAdsInitProvider"
277-->[com.google.android.gms:play-services-ads-lite:21.0.0] AndroidManifest.xml:56:13-76
278            android:authorities="com.studios.oaj.tictactoe.mobileadsinitprovider"
278-->[com.google.android.gms:play-services-ads-lite:21.0.0] AndroidManifest.xml:57:13-73
279            android:exported="false"
279-->[com.google.android.gms:play-services-ads-lite:21.0.0] AndroidManifest.xml:58:13-37
280            android:initOrder="100" />
280-->[com.google.android.gms:play-services-ads-lite:21.0.0] AndroidManifest.xml:59:13-36
281
282        <service
282-->[com.google.android.gms:play-services-ads-lite:21.0.0] AndroidManifest.xml:61:9-64:40
283            android:name="com.google.android.gms.ads.AdService"
283-->[com.google.android.gms:play-services-ads-lite:21.0.0] AndroidManifest.xml:62:13-64
284            android:enabled="true"
284-->[com.google.android.gms:play-services-ads-lite:21.0.0] AndroidManifest.xml:63:13-35
285            android:exported="false" />
285-->[com.google.android.gms:play-services-ads-lite:21.0.0] AndroidManifest.xml:64:13-37
286
287        <receiver
287-->[com.google.android.gms:play-services-measurement:21.1.0] AndroidManifest.xml:29:9-33:20
288            android:name="com.google.android.gms.measurement.AppMeasurementReceiver"
288-->[com.google.android.gms:play-services-measurement:21.1.0] AndroidManifest.xml:30:13-85
289            android:enabled="true"
289-->[com.google.android.gms:play-services-measurement:21.1.0] AndroidManifest.xml:31:13-35
290            android:exported="false" >
290-->[com.google.android.gms:play-services-measurement:21.1.0] AndroidManifest.xml:32:13-37
291        </receiver>